<?xml version="1.0" encoding="UTF-8"?>
<!-- Generated by org.testng.reporters.JUnitReportReporter -->
<testsuite hostname="225-Animesh-EIMS" failures="0" tests="2" name="TestngAutomaion" time="2.472" errors="0" timestamp="2024-08-30T11:36:56 IST" skipped="0">
  <testcase classname="TestngAutomaion" name="TestCase2" time="1.199"/>
  <system-out/>
  <testcase classname="TestngAutomaion" name="TestCase1" time="1.273"/>
  <system-out/>
</testsuite> <!-- TestngAutomaion -->
